2020.10.08 at 23:06:41 GMT+08:00 ERROR [KSF-akka.actor.default-dispatcher-6 ] 76 $anonfun$applyOrElse$1 - ActorSystem [akka://KSF] needs to have 'akka.actor.provider' set to 'cluster' in the configuration, currently uses [akka.actor.LocalActorRefProvider] akka.actor.ActorInitializationException: akka://KSF/user/gateway-actor: exception during creation
	at akka.actor.ActorInitializationException$.apply(Actor.scala:195) ~[akka-actor_2.13-2.6.4.jar:2.6.4]
	at akka.actor.ActorCell.create(ActorCell.scala:657) ~[akka-actor_2.13-2.6.4.jar:2.6.4]
	at akka.actor.ActorCell.invokeAll$1(ActorCell.scala:509) [akka-actor_2.13-2.6.4.jar:2.6.4]
	at akka.actor.ActorCell.systemInvoke(ActorCell.scala:531) [akka-actor_2.13-2.6.4.jar:2.6.4]
	at akka.dispatch.Mailbox.processAllSystemMessages(Mailbox.scala:294) [akka-actor_2.13-2.6.4.jar:2.6.4]
	at akka.dispatch.Mailbox.run(Mailbox.scala:229) [akka-actor_2.13-2.6.4.jar:2.6.4]
	at akka.dispatch.Mailbox.exec(Mailbox.scala:242) [akka-actor_2.13-2.6.4.jar:2.6.4]
	at java.util.concurrent.ForkJoinTask.doExec(ForkJoinTask.java:289) [?:1.8.0_261]
	at java.util.concurrent.ForkJoinPool$WorkQueue.runTask(ForkJoinPool.java:1056) [?:1.8.0_261]
	at java.util.concurrent.ForkJoinPool.runWorker(ForkJoinPool.java:1692) [?:1.8.0_261]
	at java.util.concurrent.ForkJoinWorkerThread.run(ForkJoinWorkerThread.java:172) [?:1.8.0_261]
Caused by: java.lang.reflect.InvocationTargetException
	at sun.reflect.NativeConstructorAccessorImpl.newInstance0(Native Method) ~[?:1.8.0_261]
	at sun.reflect.NativeConstructorAccessorImpl.newInstance(NativeConstructorAccessorImpl.java:62) ~[?:1.8.0_261]
	at sun.reflect.DelegatingConstructorAccessorImpl.newInstance(DelegatingConstructorAccessorImpl.java:45) ~[?:1.8.0_261]
	at java.lang.reflect.Constructor.newInstance(Constructor.java:423) ~[?:1.8.0_261]
	at akka.util.Reflect$.instantiate(Reflect.scala:69) ~[akka-actor_2.13-2.6.4.jar:2.6.4]
	at akka.actor.ArgsReflectConstructor.produce(IndirectActorProducer.scala:100) ~[akka-actor_2.13-2.6.4.jar:2.6.4]
	at akka.actor.Props.newActor(Props.scala:226) ~[akka-actor_2.13-2.6.4.jar:2.6.4]
	at akka.actor.ActorCell.newActor(ActorCell.scala:609) ~[akka-actor_2.13-2.6.4.jar:2.6.4]
	at akka.actor.ActorCell.create(ActorCell.scala:635) ~[akka-actor_2.13-2.6.4.jar:2.6.4]
	... 9 more
Caused by: akka.ConfigurationException: ActorSystem [akka://KSF] needs to have 'akka.actor.provider' set to 'cluster' in the configuration, currently uses [akka.actor.LocalActorRefProvider]
	at akka.cluster.Cluster.<init>(Cluster.scala:83) ~[akka-cluster_2.13-2.6.4.jar:2.6.4]
	at akka.cluster.Cluster$.createExtension(Cluster.scala:42) ~[akka-cluster_2.13-2.6.4.jar:2.6.4]
	at akka.cluster.Cluster$.createExtension(Cluster.scala:35) ~[akka-cluster_2.13-2.6.4.jar:2.6.4]
	at akka.actor.ActorSystemImpl.registerExtension(ActorSystem.scala:1155) ~[akka-actor_2.13-2.6.4.jar:2.6.4]
	at akka.actor.ExtensionId.apply(Extension.scala:78) ~[akka-actor_2.13-2.6.4.jar:2.6.4]
	at akka.actor.ExtensionId.apply$(Extension.scala:77) ~[akka-actor_2.13-2.6.4.jar:2.6.4]
	at akka.cluster.Cluster$.apply(Cluster.scala:35) ~[akka-cluster_2.13-2.6.4.jar:2.6.4]
	at akka.actor.ExtensionId.get(Extension.scala:96) ~[akka-actor_2.13-2.6.4.jar:2.6.4]
	at akka.actor.ExtensionId.get$(Extension.scala:96) ~[akka-actor_2.13-2.6.4.jar:2.6.4]
	at akka.cluster.Cluster$.get(Cluster.scala:36) ~[akka-cluster_2.13-2.6.4.jar:2.6.4]
	at akka.cluster.Cluster.get(Cluster.scala) ~[akka-cluster_2.13-2.6.4.jar:2.6.4]
	at com.kuta.akka.base.KutaActorWithCluster.<init>(KutaActorWithCluster.java:29) ~[classes/:?]
	at com.kuta.akka.gateway.DistributeActor.<init>(DistributeActor.java:20) ~[classes/:?]
	at sun.reflect.NativeConstructorAccessorImpl.newInstance0(Native Method) ~[?:1.8.0_261]
	at sun.reflect.NativeConstructorAccessorImpl.newInstance(NativeConstructorAccessorImpl.java:62) ~[?:1.8.0_261]
	at sun.reflect.DelegatingConstructorAccessorImpl.newInstance(DelegatingConstructorAccessorImpl.java:45) ~[?:1.8.0_261]
	at java.lang.reflect.Constructor.newInstance(Constructor.java:423) ~[?:1.8.0_261]
	at akka.util.Reflect$.instantiate(Reflect.scala:69) ~[akka-actor_2.13-2.6.4.jar:2.6.4]
	at akka.actor.ArgsReflectConstructor.produce(IndirectActorProducer.scala:100) ~[akka-actor_2.13-2.6.4.jar:2.6.4]
	at akka.actor.Props.newActor(Props.scala:226) ~[akka-actor_2.13-2.6.4.jar:2.6.4]
	at akka.actor.ActorCell.newActor(ActorCell.scala:609) ~[akka-actor_2.13-2.6.4.jar:2.6.4]
	at akka.actor.ActorCell.create(ActorCell.scala:635) ~[akka-actor_2.13-2.6.4.jar:2.6.4]
	... 9 more

2020.10.08 at 23:07:40 GMT+08:00 ERROR [KSF-akka.actor.default-dispatcher-5 ] 76 $anonfun$applyOrElse$1 - ActorSystem [akka://KSF] needs to have 'akka.actor.provider' set to 'cluster' in the configuration, currently uses [akka.actor.LocalActorRefProvider] akka.actor.ActorInitializationException: akka://KSF/user/gateway-actor: exception during creation
	at akka.actor.ActorInitializationException$.apply(Actor.scala:195) ~[akka-actor_2.13-2.6.4.jar:2.6.4]
	at akka.actor.ActorCell.create(ActorCell.scala:657) ~[akka-actor_2.13-2.6.4.jar:2.6.4]
	at akka.actor.ActorCell.invokeAll$1(ActorCell.scala:509) [akka-actor_2.13-2.6.4.jar:2.6.4]
	at akka.actor.ActorCell.systemInvoke(ActorCell.scala:531) [akka-actor_2.13-2.6.4.jar:2.6.4]
	at akka.dispatch.Mailbox.processAllSystemMessages(Mailbox.scala:294) [akka-actor_2.13-2.6.4.jar:2.6.4]
	at akka.dispatch.Mailbox.run(Mailbox.scala:229) [akka-actor_2.13-2.6.4.jar:2.6.4]
	at akka.dispatch.Mailbox.exec(Mailbox.scala:242) [akka-actor_2.13-2.6.4.jar:2.6.4]
	at java.util.concurrent.ForkJoinTask.doExec(ForkJoinTask.java:289) [?:1.8.0_261]
	at java.util.concurrent.ForkJoinPool$WorkQueue.runTask(ForkJoinPool.java:1056) [?:1.8.0_261]
	at java.util.concurrent.ForkJoinPool.runWorker(ForkJoinPool.java:1692) [?:1.8.0_261]
	at java.util.concurrent.ForkJoinWorkerThread.run(ForkJoinWorkerThread.java:172) [?:1.8.0_261]
Caused by: java.lang.reflect.InvocationTargetException
	at sun.reflect.NativeConstructorAccessorImpl.newInstance0(Native Method) ~[?:1.8.0_261]
	at sun.reflect.NativeConstructorAccessorImpl.newInstance(NativeConstructorAccessorImpl.java:62) ~[?:1.8.0_261]
	at sun.reflect.DelegatingConstructorAccessorImpl.newInstance(DelegatingConstructorAccessorImpl.java:45) ~[?:1.8.0_261]
	at java.lang.reflect.Constructor.newInstance(Constructor.java:423) ~[?:1.8.0_261]
	at akka.util.Reflect$.instantiate(Reflect.scala:69) ~[akka-actor_2.13-2.6.4.jar:2.6.4]
	at akka.actor.ArgsReflectConstructor.produce(IndirectActorProducer.scala:100) ~[akka-actor_2.13-2.6.4.jar:2.6.4]
	at akka.actor.Props.newActor(Props.scala:226) ~[akka-actor_2.13-2.6.4.jar:2.6.4]
	at akka.actor.ActorCell.newActor(ActorCell.scala:609) ~[akka-actor_2.13-2.6.4.jar:2.6.4]
	at akka.actor.ActorCell.create(ActorCell.scala:635) ~[akka-actor_2.13-2.6.4.jar:2.6.4]
	... 9 more
Caused by: akka.ConfigurationException: ActorSystem [akka://KSF] needs to have 'akka.actor.provider' set to 'cluster' in the configuration, currently uses [akka.actor.LocalActorRefProvider]
	at akka.cluster.Cluster.<init>(Cluster.scala:83) ~[akka-cluster_2.13-2.6.4.jar:2.6.4]
	at akka.cluster.Cluster$.createExtension(Cluster.scala:42) ~[akka-cluster_2.13-2.6.4.jar:2.6.4]
	at akka.cluster.Cluster$.createExtension(Cluster.scala:35) ~[akka-cluster_2.13-2.6.4.jar:2.6.4]
	at akka.actor.ActorSystemImpl.registerExtension(ActorSystem.scala:1155) ~[akka-actor_2.13-2.6.4.jar:2.6.4]
	at akka.actor.ExtensionId.apply(Extension.scala:78) ~[akka-actor_2.13-2.6.4.jar:2.6.4]
	at akka.actor.ExtensionId.apply$(Extension.scala:77) ~[akka-actor_2.13-2.6.4.jar:2.6.4]
	at akka.cluster.Cluster$.apply(Cluster.scala:35) ~[akka-cluster_2.13-2.6.4.jar:2.6.4]
	at akka.actor.ExtensionId.get(Extension.scala:96) ~[akka-actor_2.13-2.6.4.jar:2.6.4]
	at akka.actor.ExtensionId.get$(Extension.scala:96) ~[akka-actor_2.13-2.6.4.jar:2.6.4]
	at akka.cluster.Cluster$.get(Cluster.scala:36) ~[akka-cluster_2.13-2.6.4.jar:2.6.4]
	at akka.cluster.Cluster.get(Cluster.scala) ~[akka-cluster_2.13-2.6.4.jar:2.6.4]
	at com.kuta.akka.base.KutaActorWithCluster.<init>(KutaActorWithCluster.java:29) ~[classes/:?]
	at com.kuta.akka.gateway.DistributeActor.<init>(DistributeActor.java:20) ~[classes/:?]
	at sun.reflect.NativeConstructorAccessorImpl.newInstance0(Native Method) ~[?:1.8.0_261]
	at sun.reflect.NativeConstructorAccessorImpl.newInstance(NativeConstructorAccessorImpl.java:62) ~[?:1.8.0_261]
	at sun.reflect.DelegatingConstructorAccessorImpl.newInstance(DelegatingConstructorAccessorImpl.java:45) ~[?:1.8.0_261]
	at java.lang.reflect.Constructor.newInstance(Constructor.java:423) ~[?:1.8.0_261]
	at akka.util.Reflect$.instantiate(Reflect.scala:69) ~[akka-actor_2.13-2.6.4.jar:2.6.4]
	at akka.actor.ArgsReflectConstructor.produce(IndirectActorProducer.scala:100) ~[akka-actor_2.13-2.6.4.jar:2.6.4]
	at akka.actor.Props.newActor(Props.scala:226) ~[akka-actor_2.13-2.6.4.jar:2.6.4]
	at akka.actor.ActorCell.newActor(ActorCell.scala:609) ~[akka-actor_2.13-2.6.4.jar:2.6.4]
	at akka.actor.ActorCell.create(ActorCell.scala:635) ~[akka-actor_2.13-2.6.4.jar:2.6.4]
	... 9 more

2020.10.08 at 23:11:03 GMT+08:00 ERROR [KSF-akka.actor.default-dispatcher-14] 76 $anonfun$applyOrElse$1 - Bind failed for TCP channel on endpoint [/0.0.0.0:8081] java.net.BindException: [/0.0.0.0:8081] Address already in use: bind
	at sun.nio.ch.Net.bind0(Native Method) ~[?:1.8.0_261]
	at sun.nio.ch.Net.bind(Net.java:444) ~[?:1.8.0_261]
	at sun.nio.ch.Net.bind(Net.java:436) ~[?:1.8.0_261]
	at sun.nio.ch.ServerSocketChannelImpl.bind(ServerSocketChannelImpl.java:225) ~[?:1.8.0_261]
	at sun.nio.ch.ServerSocketAdaptor.bind(ServerSocketAdaptor.java:74) ~[?:1.8.0_261]
	at akka.io.TcpListener.liftedTree1$1(TcpListener.scala:59) ~[akka-actor_2.13-2.6.4.jar:2.6.4]
	at akka.io.TcpListener.<init>(TcpListener.scala:56) ~[akka-actor_2.13-2.6.4.jar:2.6.4]
	at sun.reflect.NativeConstructorAccessorImpl.newInstance0(Native Method) ~[?:1.8.0_261]
	at sun.reflect.NativeConstructorAccessorImpl.newInstance(NativeConstructorAccessorImpl.java:62) ~[?:1.8.0_261]
	at sun.reflect.DelegatingConstructorAccessorImpl.newInstance(DelegatingConstructorAccessorImpl.java:45) ~[?:1.8.0_261]
	at java.lang.reflect.Constructor.newInstance(Constructor.java:423) ~[?:1.8.0_261]
	at akka.util.Reflect$.instantiate(Reflect.scala:69) ~[akka-actor_2.13-2.6.4.jar:2.6.4]
	at akka.actor.ArgsReflectConstructor.produce(IndirectActorProducer.scala:100) ~[akka-actor_2.13-2.6.4.jar:2.6.4]
	at akka.actor.Props.newActor(Props.scala:226) ~[akka-actor_2.13-2.6.4.jar:2.6.4]
	at akka.actor.ActorCell.newActor(ActorCell.scala:609) ~[akka-actor_2.13-2.6.4.jar:2.6.4]
	at akka.actor.ActorCell.create(ActorCell.scala:635) ~[akka-actor_2.13-2.6.4.jar:2.6.4]
	at akka.actor.ActorCell.invokeAll$1(ActorCell.scala:509) [akka-actor_2.13-2.6.4.jar:2.6.4]
	at akka.actor.ActorCell.systemInvoke(ActorCell.scala:531) [akka-actor_2.13-2.6.4.jar:2.6.4]
	at akka.dispatch.Mailbox.processAllSystemMessages(Mailbox.scala:294) [akka-actor_2.13-2.6.4.jar:2.6.4]
	at akka.dispatch.Mailbox.run(Mailbox.scala:229) [akka-actor_2.13-2.6.4.jar:2.6.4]
	at akka.dispatch.Mailbox.exec(Mailbox.scala:242) [akka-actor_2.13-2.6.4.jar:2.6.4]
	at java.util.concurrent.ForkJoinTask.doExec(ForkJoinTask.java:289) [?:1.8.0_261]
	at java.util.concurrent.ForkJoinPool$WorkQueue.runTask(ForkJoinPool.java:1056) [?:1.8.0_261]
	at java.util.concurrent.ForkJoinPool.runWorker(ForkJoinPool.java:1692) [?:1.8.0_261]
	at java.util.concurrent.ForkJoinWorkerThread.run(ForkJoinWorkerThread.java:172) [?:1.8.0_261]

2020.10.11 at 22:03:19 CST ERROR [KSF-akka.actor.default-dispatcher-5 ] 76 $anonfun$applyOrElse$1 - Bind failed for TCP channel on endpoint [/192.168.0.168:2552] java.net.BindException: [/192.168.0.168:2552] Cannot assign requested address: bind
	at sun.nio.ch.Net.bind0(Native Method) ~[?:1.8.0_111]
	at sun.nio.ch.Net.bind(Net.java:433) ~[?:1.8.0_111]
	at sun.nio.ch.Net.bind(Net.java:425) ~[?:1.8.0_111]
	at sun.nio.ch.ServerSocketChannelImpl.bind(ServerSocketChannelImpl.java:223) ~[?:1.8.0_111]
	at sun.nio.ch.ServerSocketAdaptor.bind(ServerSocketAdaptor.java:74) ~[?:1.8.0_111]
	at akka.io.TcpListener.liftedTree1$1(TcpListener.scala:59) ~[akka-actor_2.13-2.6.4.jar:2.6.4]
	at akka.io.TcpListener.<init>(TcpListener.scala:56) ~[akka-actor_2.13-2.6.4.jar:2.6.4]
	at sun.reflect.NativeConstructorAccessorImpl.newInstance0(Native Method) ~[?:1.8.0_111]
	at sun.reflect.NativeConstructorAccessorImpl.newInstance(NativeConstructorAccessorImpl.java:62) ~[?:1.8.0_111]
	at sun.reflect.DelegatingConstructorAccessorImpl.newInstance(DelegatingConstructorAccessorImpl.java:45) ~[?:1.8.0_111]
	at java.lang.reflect.Constructor.newInstance(Constructor.java:423) ~[?:1.8.0_111]
	at akka.util.Reflect$.instantiate(Reflect.scala:69) ~[akka-actor_2.13-2.6.4.jar:2.6.4]
	at akka.actor.ArgsReflectConstructor.produce(IndirectActorProducer.scala:100) ~[akka-actor_2.13-2.6.4.jar:2.6.4]
	at akka.actor.Props.newActor(Props.scala:226) ~[akka-actor_2.13-2.6.4.jar:2.6.4]
	at akka.actor.ActorCell.newActor(ActorCell.scala:609) ~[akka-actor_2.13-2.6.4.jar:2.6.4]
	at akka.actor.ActorCell.create(ActorCell.scala:635) ~[akka-actor_2.13-2.6.4.jar:2.6.4]
	at akka.actor.ActorCell.invokeAll$1(ActorCell.scala:509) [akka-actor_2.13-2.6.4.jar:2.6.4]
	at akka.actor.ActorCell.systemInvoke(ActorCell.scala:531) [akka-actor_2.13-2.6.4.jar:2.6.4]
	at akka.dispatch.Mailbox.processAllSystemMessages(Mailbox.scala:294) [akka-actor_2.13-2.6.4.jar:2.6.4]
	at akka.dispatch.Mailbox.run(Mailbox.scala:229) [akka-actor_2.13-2.6.4.jar:2.6.4]
	at akka.dispatch.Mailbox.exec(Mailbox.scala:242) [akka-actor_2.13-2.6.4.jar:2.6.4]
	at java.util.concurrent.ForkJoinTask.doExec(ForkJoinTask.java:289) [?:1.8.0_111]
	at java.util.concurrent.ForkJoinPool$WorkQueue.runTask(ForkJoinPool.java:1056) [?:1.8.0_111]
	at java.util.concurrent.ForkJoinPool.runWorker(ForkJoinPool.java:1692) [?:1.8.0_111]
	at java.util.concurrent.ForkJoinWorkerThread.run(ForkJoinWorkerThread.java:157) [?:1.8.0_111]

2020.10.11 at 22:03:51 CST ERROR [KSF-akka.actor.default-dispatcher-5 ] 76 $anonfun$applyOrElse$1 - Bind failed for TCP channel on endpoint [/192.168.0.168:2552] java.net.BindException: [/192.168.0.168:2552] Cannot assign requested address: bind
	at sun.nio.ch.Net.bind0(Native Method) ~[?:1.8.0_111]
	at sun.nio.ch.Net.bind(Net.java:433) ~[?:1.8.0_111]
	at sun.nio.ch.Net.bind(Net.java:425) ~[?:1.8.0_111]
	at sun.nio.ch.ServerSocketChannelImpl.bind(ServerSocketChannelImpl.java:223) ~[?:1.8.0_111]
	at sun.nio.ch.ServerSocketAdaptor.bind(ServerSocketAdaptor.java:74) ~[?:1.8.0_111]
	at akka.io.TcpListener.liftedTree1$1(TcpListener.scala:59) ~[akka-actor_2.13-2.6.4.jar:2.6.4]
	at akka.io.TcpListener.<init>(TcpListener.scala:56) ~[akka-actor_2.13-2.6.4.jar:2.6.4]
	at sun.reflect.NativeConstructorAccessorImpl.newInstance0(Native Method) ~[?:1.8.0_111]
	at sun.reflect.NativeConstructorAccessorImpl.newInstance(NativeConstructorAccessorImpl.java:62) ~[?:1.8.0_111]
	at sun.reflect.DelegatingConstructorAccessorImpl.newInstance(DelegatingConstructorAccessorImpl.java:45) ~[?:1.8.0_111]
	at java.lang.reflect.Constructor.newInstance(Constructor.java:423) ~[?:1.8.0_111]
	at akka.util.Reflect$.instantiate(Reflect.scala:69) ~[akka-actor_2.13-2.6.4.jar:2.6.4]
	at akka.actor.ArgsReflectConstructor.produce(IndirectActorProducer.scala:100) ~[akka-actor_2.13-2.6.4.jar:2.6.4]
	at akka.actor.Props.newActor(Props.scala:226) ~[akka-actor_2.13-2.6.4.jar:2.6.4]
	at akka.actor.ActorCell.newActor(ActorCell.scala:609) ~[akka-actor_2.13-2.6.4.jar:2.6.4]
	at akka.actor.ActorCell.create(ActorCell.scala:635) ~[akka-actor_2.13-2.6.4.jar:2.6.4]
	at akka.actor.ActorCell.invokeAll$1(ActorCell.scala:509) [akka-actor_2.13-2.6.4.jar:2.6.4]
	at akka.actor.ActorCell.systemInvoke(ActorCell.scala:531) [akka-actor_2.13-2.6.4.jar:2.6.4]
	at akka.dispatch.Mailbox.processAllSystemMessages(Mailbox.scala:294) [akka-actor_2.13-2.6.4.jar:2.6.4]
	at akka.dispatch.Mailbox.run(Mailbox.scala:229) [akka-actor_2.13-2.6.4.jar:2.6.4]
	at akka.dispatch.Mailbox.exec(Mailbox.scala:242) [akka-actor_2.13-2.6.4.jar:2.6.4]
	at java.util.concurrent.ForkJoinTask.doExec(ForkJoinTask.java:289) [?:1.8.0_111]
	at java.util.concurrent.ForkJoinPool$WorkQueue.runTask(ForkJoinPool.java:1056) [?:1.8.0_111]
	at java.util.concurrent.ForkJoinPool.runWorker(ForkJoinPool.java:1692) [?:1.8.0_111]
	at java.util.concurrent.ForkJoinWorkerThread.run(ForkJoinWorkerThread.java:157) [?:1.8.0_111]

2020.10.11 at 22:18:23 CST ERROR [KSF-akka.actor.default-dispatcher-5 ] 76 $anonfun$applyOrElse$1 - Bind failed for TCP channel on endpoint [/192.168.0.168:2552] java.net.BindException: [/192.168.0.168:2552] Cannot assign requested address: bind
	at sun.nio.ch.Net.bind0(Native Method) ~[?:1.8.0_111]
	at sun.nio.ch.Net.bind(Net.java:433) ~[?:1.8.0_111]
	at sun.nio.ch.Net.bind(Net.java:425) ~[?:1.8.0_111]
	at sun.nio.ch.ServerSocketChannelImpl.bind(ServerSocketChannelImpl.java:223) ~[?:1.8.0_111]
	at sun.nio.ch.ServerSocketAdaptor.bind(ServerSocketAdaptor.java:74) ~[?:1.8.0_111]
	at akka.io.TcpListener.liftedTree1$1(TcpListener.scala:59) ~[akka-actor_2.13-2.6.4.jar:2.6.4]
	at akka.io.TcpListener.<init>(TcpListener.scala:56) ~[akka-actor_2.13-2.6.4.jar:2.6.4]
	at sun.reflect.NativeConstructorAccessorImpl.newInstance0(Native Method) ~[?:1.8.0_111]
	at sun.reflect.NativeConstructorAccessorImpl.newInstance(NativeConstructorAccessorImpl.java:62) ~[?:1.8.0_111]
	at sun.reflect.DelegatingConstructorAccessorImpl.newInstance(DelegatingConstructorAccessorImpl.java:45) ~[?:1.8.0_111]
	at java.lang.reflect.Constructor.newInstance(Constructor.java:423) ~[?:1.8.0_111]
	at akka.util.Reflect$.instantiate(Reflect.scala:69) ~[akka-actor_2.13-2.6.4.jar:2.6.4]
	at akka.actor.ArgsReflectConstructor.produce(IndirectActorProducer.scala:100) ~[akka-actor_2.13-2.6.4.jar:2.6.4]
	at akka.actor.Props.newActor(Props.scala:226) ~[akka-actor_2.13-2.6.4.jar:2.6.4]
	at akka.actor.ActorCell.newActor(ActorCell.scala:609) ~[akka-actor_2.13-2.6.4.jar:2.6.4]
	at akka.actor.ActorCell.create(ActorCell.scala:635) ~[akka-actor_2.13-2.6.4.jar:2.6.4]
	at akka.actor.ActorCell.invokeAll$1(ActorCell.scala:509) [akka-actor_2.13-2.6.4.jar:2.6.4]
	at akka.actor.ActorCell.systemInvoke(ActorCell.scala:531) [akka-actor_2.13-2.6.4.jar:2.6.4]
	at akka.dispatch.Mailbox.processAllSystemMessages(Mailbox.scala:294) [akka-actor_2.13-2.6.4.jar:2.6.4]
	at akka.dispatch.Mailbox.run(Mailbox.scala:229) [akka-actor_2.13-2.6.4.jar:2.6.4]
	at akka.dispatch.Mailbox.exec(Mailbox.scala:242) [akka-actor_2.13-2.6.4.jar:2.6.4]
	at java.util.concurrent.ForkJoinTask.doExec(ForkJoinTask.java:289) [?:1.8.0_111]
	at java.util.concurrent.ForkJoinPool$WorkQueue.runTask(ForkJoinPool.java:1056) [?:1.8.0_111]
	at java.util.concurrent.ForkJoinPool.runWorker(ForkJoinPool.java:1692) [?:1.8.0_111]
	at java.util.concurrent.ForkJoinWorkerThread.run(ForkJoinWorkerThread.java:157) [?:1.8.0_111]

2020.10.11 at 22:18:54 CST ERROR [KSF-akka.actor.default-dispatcher-5 ] 76 $anonfun$applyOrElse$1 - Bind failed for TCP channel on endpoint [/192.168.0.168:2552] java.net.BindException: [/192.168.0.168:2552] Cannot assign requested address: bind
	at sun.nio.ch.Net.bind0(Native Method) ~[?:1.8.0_111]
	at sun.nio.ch.Net.bind(Net.java:433) ~[?:1.8.0_111]
	at sun.nio.ch.Net.bind(Net.java:425) ~[?:1.8.0_111]
	at sun.nio.ch.ServerSocketChannelImpl.bind(ServerSocketChannelImpl.java:223) ~[?:1.8.0_111]
	at sun.nio.ch.ServerSocketAdaptor.bind(ServerSocketAdaptor.java:74) ~[?:1.8.0_111]
	at akka.io.TcpListener.liftedTree1$1(TcpListener.scala:59) ~[akka-actor_2.13-2.6.4.jar:2.6.4]
	at akka.io.TcpListener.<init>(TcpListener.scala:56) ~[akka-actor_2.13-2.6.4.jar:2.6.4]
	at sun.reflect.NativeConstructorAccessorImpl.newInstance0(Native Method) ~[?:1.8.0_111]
	at sun.reflect.NativeConstructorAccessorImpl.newInstance(NativeConstructorAccessorImpl.java:62) ~[?:1.8.0_111]
	at sun.reflect.DelegatingConstructorAccessorImpl.newInstance(DelegatingConstructorAccessorImpl.java:45) ~[?:1.8.0_111]
	at java.lang.reflect.Constructor.newInstance(Constructor.java:423) ~[?:1.8.0_111]
	at akka.util.Reflect$.instantiate(Reflect.scala:69) ~[akka-actor_2.13-2.6.4.jar:2.6.4]
	at akka.actor.ArgsReflectConstructor.produce(IndirectActorProducer.scala:100) ~[akka-actor_2.13-2.6.4.jar:2.6.4]
	at akka.actor.Props.newActor(Props.scala:226) ~[akka-actor_2.13-2.6.4.jar:2.6.4]
	at akka.actor.ActorCell.newActor(ActorCell.scala:609) ~[akka-actor_2.13-2.6.4.jar:2.6.4]
	at akka.actor.ActorCell.create(ActorCell.scala:635) ~[akka-actor_2.13-2.6.4.jar:2.6.4]
	at akka.actor.ActorCell.invokeAll$1(ActorCell.scala:509) [akka-actor_2.13-2.6.4.jar:2.6.4]
	at akka.actor.ActorCell.systemInvoke(ActorCell.scala:531) [akka-actor_2.13-2.6.4.jar:2.6.4]
	at akka.dispatch.Mailbox.processAllSystemMessages(Mailbox.scala:294) [akka-actor_2.13-2.6.4.jar:2.6.4]
	at akka.dispatch.Mailbox.run(Mailbox.scala:229) [akka-actor_2.13-2.6.4.jar:2.6.4]
	at akka.dispatch.Mailbox.exec(Mailbox.scala:242) [akka-actor_2.13-2.6.4.jar:2.6.4]
	at java.util.concurrent.ForkJoinTask.doExec(ForkJoinTask.java:289) [?:1.8.0_111]
	at java.util.concurrent.ForkJoinPool$WorkQueue.runTask(ForkJoinPool.java:1056) [?:1.8.0_111]
	at java.util.concurrent.ForkJoinPool.runWorker(ForkJoinPool.java:1692) [?:1.8.0_111]
	at java.util.concurrent.ForkJoinWorkerThread.run(ForkJoinWorkerThread.java:157) [?:1.8.0_111]

